# JRE version: OpenJDK Runtime Environment Microsoft-12574459 (21.0.9+10) (build 21.0.9+10-LTS)
# Java VM: OpenJDK 64-Bit Server VM Microsoft-12574459 (21.0.9+10-LTS, mixed mode, sharing, tiered, compressed oops, compressed class ptrs, g1 gc, windows-amd64)
GC Precious Log:
 CardTable entry size: 512
 Card Set container configuration: InlinePtr #cards 4 size 8 Array Of Cards #cards 32 size 80 Howl #buckets 8 coarsen threshold 7372 Howl Bitmap #cards 1024 size 144 coarsen threshold 921 Card regions per heap region 1 cards per card region 8192
 CPUs: 16 total, 16 available
 Memory: 32690M
 Large Page Support: Disabled
 NUMA Support: Disabled
 Compressed Oops: Enabled (Zero based)
 Heap Region Size: 4M
 Heap Min Capacity: 8M
 Heap Initial Capacity: 512M
 Heap Max Capacity: 8176M
 Pre-touch: Disabled
 Parallel Workers: 13
 Concurrent Workers: 3
 Concurrent Refinement Workers: 13
 Periodic GC: Disabled
Heap:
 garbage-first heap   total 49152K, used 13920K [0x0000000601000000, 0x0000000800000000)
  region size 4096K, 3 young (12288K), 1 survivors (4096K)
 Metaspace       used 25362K, committed 25920K, reserved 1114112K
  class space    used 2621K, committed 2880K, reserved 1048576K
GC Heap History (12 events):
Event: 0.631 GC heap before
{Heap before GC invocations=0 (full 0):
 garbage-first heap   total 524288K, used 24576K [0x0000000601000000, 0x0000000800000000)
  region size 4096K, 6 young (24576K), 0 survivors (0K)
 Metaspace       used 7635K, committed 7872K, reserved 1114112K
  class space    used 858K, committed 960K, reserved 1048576K
}
Event: 0.635 GC heap after
{Heap after GC invocations=1 (full 0):
 garbage-first heap   total 524288K, used 4139K [0x0000000601000000, 0x0000000800000000)
  region size 4096K, 1 young (4096K), 1 survivors (4096K)
 Metaspace       used 7635K, committed 7872K, reserved 1114112K
  class space    used 858K, committed 960K, reserved 1048576K
}
Event: 1.640 GC heap before
{Heap before GC invocations=1 (full 0):
 garbage-first heap   total 524288K, used 32811K [0x0000000601000000, 0x0000000800000000)
  region size 4096K, 8 young (32768K), 1 survivors (4096K)
 Metaspace       used 10211K, committed 10496K, reserved 1114112K
  class space    used 1125K, committed 1280K, reserved 1048576K
}
Event: 1.643 GC heap after
{Heap after GC invocations=2 (full 0):
 garbage-first heap   total 524288K, used 4927K [0x0000000601000000, 0x0000000800000000)
  region size 4096K, 1 young (4096K), 1 survivors (4096K)
 Metaspace       used 10211K, committed 10496K, reserved 1114112K
  class space    used 1125K, committed 1280K, reserved 1048576K
}
Event: 3.701 GC heap before
{Heap before GC invocations=2 (full 0):
 garbage-first heap   total 524288K, used 135999K [0x0000000601000000, 0x0000000800000000)
  region size 4096K, 34 young (139264K), 1 survivors (4096K)
 Metaspace       used 21154K, committed 21504K, reserved 1114112K
  class space    used 2275K, committed 2432K, reserved 1048576K
}
Event: 3.705 GC heap after
{Heap after GC invocations=3 (full 0):
 garbage-first heap   total 524288K, used 9224K [0x0000000601000000, 0x0000000800000000)
  region size 4096K, 2 young (8192K), 2 survivors (8192K)
 Metaspace       used 21154K, committed 21504K, reserved 1114112K
  class space    used 2275K, committed 2432K, reserved 1048576K
}
Event: 70.130 GC heap before
{Heap before GC invocations=4 (full 0):
 garbage-first heap   total 40960K, used 37896K [0x0000000601000000, 0x0000000800000000)
  region size 4096K, 9 young (36864K), 2 survivors (8192K)
 Metaspace       used 24689K, committed 25216K, reserved 1114112K
  class space    used 2579K, committed 2816K, reserved 1048576K
}
Event: 70.133 GC heap after
{Heap after GC invocations=5 (full 0):
 garbage-first heap   total 49152K, used 9846K [0x0000000601000000, 0x0000000800000000)
  region size 4096K, 2 young (8192K), 2 survivors (8192K)
 Metaspace       used 24689K, committed 25216K, reserved 1114112K
  class space    used 2579K, committed 2816K, reserved 1048576K
}
Event: 131.379 GC heap before
{Heap before GC invocations=5 (full 0):
 garbage-first heap   total 49152K, used 30326K [0x0000000601000000, 0x0000000800000000)
  region size 4096K, 7 young (28672K), 2 survivors (8192K)
 Metaspace       used 24689K, committed 25216K, reserved 1114112K
  class space    used 2579K, committed 2816K, reserved 1048576K
}
Event: 131.383 GC heap after
{Heap after GC invocations=6 (full 0):
 garbage-first heap   total 49152K, used 10466K [0x0000000601000000, 0x0000000800000000)
  region size 4096K, 1 young (4096K), 1 survivors (4096K)
 Metaspace       used 24689K, committed 25216K, reserved 1114112K
  class space    used 2579K, committed 2816K, reserved 1048576K
}
Event: 229.882 GC heap before
{Heap before GC invocations=6 (full 0):
 garbage-first heap   total 49152K, used 35042K [0x0000000601000000, 0x0000000800000000)
  region size 4096K, 7 young (28672K), 1 survivors (4096K)
 Metaspace       used 24689K, committed 25216K, reserved 1114112K
  class space    used 2579K, committed 2816K, reserved 1048576K
}
Event: 229.884 GC heap after
{Heap after GC invocations=7 (full 0):
 garbage-first heap   total 49152K, used 9824K [0x0000000601000000, 0x0000000800000000)
  region size 4096K, 1 young (4096K), 1 survivors (4096K)
 Metaspace       used 24689K, committed 25216K, reserved 1114112K
  class space    used 2579K, committed 2816K, reserved 1048576K
}

